NO TERMINADO: 
NO TERMINADO: 0
NO TERMINADO: 00
NO TERMINADO: 000
NO TERMINADO: 00a
NO TERMINADO: 00a0
NO TERMINADO: 00a00
NO TERMINADO: 00a000
NO TERMINADO: 00a00a
NO TERMINADO: 00a00a0
NO TERMINADO: 00a00a00
NO TERMINADO: 00a00a0a
00a00a0a
NO TERMINADO: 00a00a0b
00a00a0b
NO TERMINADO: 00a00aa
NO TERMINADO: 00a00aa0
NO TERMINADO: 00a00aaa
NO TERMINADO: 00a00aab
NO TERMINADO: 00a00ab
NO TERMINADO: 00a00ab0
NO TERMINADO: 00a00aba
NO TERMINADO: 00a00abb
NO TERMINADO: 00a00b
NO TERMINADO: 00a00b0
NO TERMINADO: 00a00b00
NO TERMINADO: 00a00b0a
00a00b0a
NO TERMINADO: 00a00b0b
00a00b0b
NO TERMINADO: 00a00ba
NO TERMINADO: 00a00ba0
NO TERMINADO: 00a00baa
NO TERMINADO: 00a00bab
NO TERMINADO: 00a00bb
NO TERMINADO: 00a00bb0
NO TERMINADO: 00a00bba
NO TERMINADO: 00a00bbb
NO TERMINADO: 00a0a
NO TERMINADO: 00a0a0
NO TERMINADO: 00a0a00
NO TERMINADO: 00a0a000
NO TERMINADO: 00a0a00a
00a0a00a
NO TERMINADO: 00a0a00b
00a0a00b
NO TERMINADO: 00a0a0a
NO TERMINADO: 00a0a0a0
NO TERMINADO: 00a0a0aa
00a0a0aa
NO TERMINADO: 00a0a0ab
00a0a0ab
NO TERMINADO: 00a0a0b
NO TERMINADO: 00a0a0b0
NO TERMINADO: 00a0a0ba
00a0a0ba
NO TERMINADO: 00a0a0bb
00a0a0bb
NO TERMINADO: 00a0aa
NO TERMINADO: 00a0aa0
NO TERMINADO: 00a0aa00
NO TERMINADO: 00a0aa0a
00a0aa0a
NO TERMINADO: 00a0aa0b
00a0aa0b
NO TERMINADO: 00a0aaa
NO TERMINADO: 00a0aab
NO TERMINADO: 00a0ab
NO TERMINADO: 00a0ab0
NO TERMINADO: 00a0ab00
NO TERMINADO: 00a0ab0a
00a0ab0a
NO TERMINADO: 00a0ab0b
00a0ab0b
NO TERMINADO: 00a0aba
NO TERMINADO: 00a0abb
NO TERMINADO: 00a0b
NO TERMINADO: 00a0b0
NO TERMINADO: 00a0b00
NO TERMINADO: 00a0b000
NO TERMINADO: 00a0b00a
00a0b00a
NO TERMINADO: 00a0b00b
00a0b00b
NO TERMINADO: 00a0b0a
NO TERMINADO: 00a0b0a0
NO TERMINADO: 00a0b0aa
00a0b0aa
NO TERMINADO: 00a0b0ab
00a0b0ab
NO TERMINADO: 00a0b0b
NO TERMINADO: 00a0b0b0
NO TERMINADO: 00a0b0ba
00a0b0ba
NO TERMINADO: 00a0b0bb
00a0b0bb
NO TERMINADO: 00a0ba
NO TERMINADO: 00a0ba0
NO TERMINADO: 00a0ba00
NO TERMINADO: 00a0ba0a
00a0ba0a
NO TERMINADO: 00a0ba0b
00a0ba0b
NO TERMINADO: 00a0baa
NO TERMINADO: 00a0bab
NO TERMINADO: 00a0bb
NO TERMINADO: 00a0bb0
NO TERMINADO: 00a0bb00
NO TERMINADO: 00a0bb0a
00a0bb0a
NO TERMINADO: 00a0bb0b
00a0bb0b
NO TERMINADO: 00a0bba
NO TERMINADO: 00a0bbb
NO TERMINADO: 00aa
NO TERMINADO: 00aa0
NO TERMINADO: 00aa00
NO TERMINADO: 00aa000
NO TERMINADO: 00aa00a
NO TERMINADO: 00aa00a0
NO TERMINADO: 00aa00aa
00aa00aa
NO TERMINADO: 00aa00ab
00aa00ab
NO TERMINADO: 00aa00b
NO TERMINADO: 00aa00b0
NO TERMINADO: 00aa00ba
00aa00ba
NO TERMINADO: 00aa00bb
00aa00bb
NO TERMINADO: 00aa0a
NO TERMINADO: 00aa0a0
NO TERMINADO: 00aa0a00
NO TERMINADO: 00aa0a0a
00aa0a0a
NO TERMINADO: 00aa0a0b
00aa0a0b
NO TERMINADO: 00aa0aa
NO TERMINADO: 00aa0aa0
NO TERMINADO: 00aa0aaa
NO TERMINADO: 00aa0aab
NO TERMINADO: 00aa0ab
NO TERMINADO: 00aa0ab0
NO TERMINADO: 00aa0aba
NO TERMINADO: 00aa0abb
NO TERMINADO: 00aa0b
NO TERMINADO: 00aa0b0
NO TERMINADO: 00aa0b00
NO TERMINADO: 00aa0b0a
00aa0b0a
NO TERMINADO: 00aa0b0b
00aa0b0b
NO TERMINADO: 00aa0ba
NO TERMINADO: 00aa0ba0
NO TERMINADO: 00aa0baa
NO TERMINADO: 00aa0bab
NO TERMINADO: 00aa0bb
NO TERMINADO: 00aa0bb0
NO TERMINADO: 00aa0bba
NO TERMINADO: 00aa0bbb
NO TERMINADO: 00aaa
NO TERMINADO: 00aab
NO TERMINADO: 00ab
NO TERMINADO: 00ab0
NO TERMINADO: 00ab00
NO TERMINADO: 00ab000
NO TERMINADO: 00ab00a
NO TERMINADO: 00ab00a0
NO TERMINADO: 00ab00aa
00ab00aa
NO TERMINADO: 00ab00ab
00ab00ab
NO TERMINADO: 00ab00b
NO TERMINADO: 00ab00b0
NO TERMINADO: 00ab00ba
00ab00ba
NO TERMINADO: 00ab00bb
00ab00bb
NO TERMINADO: 00ab0a
NO TERMINADO: 00ab0a0
NO TERMINADO: 00ab0a00
NO TERMINADO: 00ab0a0a
00ab0a0a
NO TERMINADO: 00ab0a0b
00ab0a0b
NO TERMINADO: 00ab0aa
NO TERMINADO: 00ab0aa0
NO TERMINADO: 00ab0aaa
NO TERMINADO: 00ab0aab
NO TERMINADO: 00ab0ab
NO TERMINADO: 00ab0ab0
NO TERMINADO: 00ab0aba
NO TERMINADO: 00ab0abb
NO TERMINADO: 00ab0b
NO TERMINADO: 00ab0b0
NO TERMINADO: 00ab0b00
NO TERMINADO: 00ab0b0a
00ab0b0a
NO TERMINADO: 00ab0b0b
00ab0b0b
NO TERMINADO: 00ab0ba
NO TERMINADO: 00ab0ba0
NO TERMINADO: 00ab0baa
NO TERMINADO: 00ab0bab
NO TERMINADO: 00ab0bb
NO TERMINADO: 00ab0bb0
NO TERMINADO: 00ab0bba
NO TERMINADO: 00ab0bbb
NO TERMINADO: 00aba
NO TERMINADO: 00abb
NO TERMINADO: 00b
NO TERMINADO: 00b0
NO TERMINADO: 00b00
NO TERMINADO: 00b000
NO TERMINADO: 00b00a
NO TERMINADO: 00b00a0
NO TERMINADO: 00b00a00
NO TERMINADO: 00b00a0a
00b00a0a
NO TERMINADO: 00b00a0b
00b00a0b
NO TERMINADO: 00b00aa
NO TERMINADO: 00b00aa0
NO TERMINADO: 00b00aaa
NO TERMINADO: 00b00aab
NO TERMINADO: 00b00ab
NO TERMINADO: 00b00ab0
NO TERMINADO: 00b00aba
NO TERMINADO: 00b00abb
NO TERMINADO: 00b00b
NO TERMINADO: 00b00b0
NO TERMINADO: 00b00b00
NO TERMINADO: 00b00b0a
00b00b0a
NO TERMINADO: 00b00b0b
00b00b0b
NO TERMINADO: 00b00ba
NO TERMINADO: 00b00ba0
NO TERMINADO: 00b00baa
NO TERMINADO: 00b00bab
NO TERMINADO: 00b00bb
NO TERMINADO: 00b00bb0
NO TERMINADO: 00b00bba
NO TERMINADO: 00b00bbb
NO TERMINADO: 00b0a
NO TERMINADO: 00b0a0
NO TERMINADO: 00b0a00
NO TERMINADO: 00b0a000
NO TERMINADO: 00b0a00a
00b0a00a
NO TERMINADO: 00b0a00b
00b0a00b
NO TERMINADO: 00b0a0a
NO TERMINADO: 00b0a0a0
NO TERMINADO: 00b0a0aa
00b0a0aa
NO TERMINADO: 00b0a0ab
00b0a0ab
NO TERMINADO: 00b0a0b
NO TERMINADO: 00b0a0b0
NO TERMINADO: 00b0a0ba
00b0a0ba
NO TERMINADO: 00b0a0bb
00b0a0bb
NO TERMINADO: 00b0aa
NO TERMINADO: 00b0aa0
NO TERMINADO: 00b0aa00
NO TERMINADO: 00b0aa0a
00b0aa0a
NO TERMINADO: 00b0aa0b
00b0aa0b
NO TERMINADO: 00b0aaa
NO TERMINADO: 00b0aab
NO TERMINADO: 00b0ab
NO TERMINADO: 00b0ab0
NO TERMINADO: 00b0ab00
NO TERMINADO: 00b0ab0a
00b0ab0a
NO TERMINADO: 00b0ab0b
00b0ab0b
NO TERMINADO: 00b0aba
NO TERMINADO: 00b0abb
NO TERMINADO: 00b0b
NO TERMINADO: 00b0b0
NO TERMINADO: 00b0b00
NO TERMINADO: 00b0b000
NO TERMINADO: 00b0b00a
00b0b00a
NO TERMINADO: 00b0b00b
00b0b00b
NO TERMINADO: 00b0b0a
NO TERMINADO: 00b0b0a0
NO TERMINADO: 00b0b0aa
00b0b0aa
NO TERMINADO: 00b0b0ab
00b0b0ab
NO TERMINADO: 00b0b0b
NO TERMINADO: 00b0b0b0
NO TERMINADO: 00b0b0ba
00b0b0ba
NO TERMINADO: 00b0b0bb
00b0b0bb
NO TERMINADO: 00b0ba
NO TERMINADO: 00b0ba0
NO TERMINADO: 00b0ba00
NO TERMINADO: 00b0ba0a
00b0ba0a
NO TERMINADO: 00b0ba0b
00b0ba0b
NO TERMINADO: 00b0baa
NO TERMINADO: 00b0bab
NO TERMINADO: 00b0bb
NO TERMINADO: 00b0bb0
NO TERMINADO: 00b0bb00
NO TERMINADO: 00b0bb0a
00b0bb0a
NO TERMINADO: 00b0bb0b
00b0bb0b
NO TERMINADO: 00b0bba
NO TERMINADO: 00b0bbb
NO TERMINADO: 00ba
NO TERMINADO: 00ba0
NO TERMINADO: 00ba00
NO TERMINADO: 00ba000
NO TERMINADO: 00ba00a
NO TERMINADO: 00ba00a0
NO TERMINADO: 00ba00aa
00ba00aa
NO TERMINADO: 00ba00ab
00ba00ab
NO TERMINADO: 00ba00b
NO TERMINADO: 00ba00b0
NO TERMINADO: 00ba00ba
00ba00ba
NO TERMINADO: 00ba00bb
00ba00bb
NO TERMINADO: 00ba0a
NO TERMINADO: 00ba0a0
NO TERMINADO: 00ba0a00
NO TERMINADO: 00ba0a0a
00ba0a0a
NO TERMINADO: 00ba0a0b
00ba0a0b
NO TERMINADO: 00ba0aa
NO TERMINADO: 00ba0aa0
NO TERMINADO: 00ba0aaa
NO TERMINADO: 00ba0aab
NO TERMINADO: 00ba0ab
NO TERMINADO: 00ba0ab0
NO TERMINADO: 00ba0aba
NO TERMINADO: 00ba0abb
NO TERMINADO: 00ba0b
NO TERMINADO: 00ba0b0
NO TERMINADO: 00ba0b00
NO TERMINADO: 00ba0b0a
00ba0b0a
NO TERMINADO: 00ba0b0b
00ba0b0b
NO TERMINADO: 00ba0ba
NO TERMINADO: 00ba0ba0
NO TERMINADO: 00ba0baa
NO TERMINADO: 00ba0bab
NO TERMINADO: 00ba0bb
NO TERMINADO: 00ba0bb0
NO TERMINADO: 00ba0bba
NO TERMINADO: 00ba0bbb
NO TERMINADO: 00baa
NO TERMINADO: 00bab
NO TERMINADO: 00bb
NO TERMINADO: 00bb0
NO TERMINADO: 00bb00
NO TERMINADO: 00bb000
NO TERMINADO: 00bb00a
NO TERMINADO: 00bb00a0
NO TERMINADO: 00bb00aa
00bb00aa
NO TERMINADO: 00bb00ab
00bb00ab
NO TERMINADO: 00bb00b
NO TERMINADO: 00bb00b0
NO TERMINADO: 00bb00ba
00bb00ba
NO TERMINADO: 00bb00bb
00bb00bb
NO TERMINADO: 00bb0a
NO TERMINADO: 00bb0a0
NO TERMINADO: 00bb0a00
NO TERMINADO: 00bb0a0a
00bb0a0a
NO TERMINADO: 00bb0a0b
00bb0a0b
NO TERMINADO: 00bb0aa
NO TERMINADO: 00bb0aa0
NO TERMINADO: 00bb0aaa
NO TERMINADO: 00bb0aab
NO TERMINADO: 00bb0ab
NO TERMINADO: 00bb0ab0
NO TERMINADO: 00bb0aba
NO TERMINADO: 00bb0abb
NO TERMINADO: 00bb0b
NO TERMINADO: 00bb0b0
NO TERMINADO: 00bb0b00
NO TERMINADO: 00bb0b0a
00bb0b0a
NO TERMINADO: 00bb0b0b
00bb0b0b
NO TERMINADO: 00bb0ba
NO TERMINADO: 00bb0ba0
NO TERMINADO: 00bb0baa
NO TERMINADO: 00bb0bab
NO TERMINADO: 00bb0bb
NO TERMINADO: 00bb0bb0
NO TERMINADO: 00bb0bba
NO TERMINADO: 00bb0bbb
NO TERMINADO: 00bba
NO TERMINADO: 00bbb
NO TERMINADO: 0a
NO TERMINADO: 0a0
NO TERMINADO: 0a00
NO TERMINADO: 0a000
NO TERMINADO: 0a00a
NO TERMINADO: 0a00a0
NO TERMINADO: 0a00a00
NO TERMINADO: 0a00a000
NO TERMINADO: 0a00a00a
0a00a00a
NO TERMINADO: 0a00a00b
0a00a00b
NO TERMINADO: 0a00a0a
NO TERMINADO: 0a00a0a0
NO TERMINADO: 0a00a0aa
0a00a0aa
NO TERMINADO: 0a00a0ab
0a00a0ab
NO TERMINADO: 0a00a0b
NO TERMINADO: 0a00a0b0
NO TERMINADO: 0a00a0ba
0a00a0ba
NO TERMINADO: 0a00a0bb
0a00a0bb
NO TERMINADO: 0a00aa
NO TERMINADO: 0a00aa0
NO TERMINADO: 0a00aa00
NO TERMINADO: 0a00aa0a
0a00aa0a
NO TERMINADO: 0a00aa0b
0a00aa0b
NO TERMINADO: 0a00aaa
NO TERMINADO: 0a00aab
NO TERMINADO: 0a00ab
NO TERMINADO: 0a00ab0
NO TERMINADO: 0a00ab00
NO TERMINADO: 0a00ab0a
0a00ab0a
NO TERMINADO: 0a00ab0b
0a00ab0b
NO TERMINADO: 0a00aba
NO TERMINADO: 0a00abb
NO TERMINADO: 0a00b
NO TERMINADO: 0a00b0
NO TERMINADO: 0a00b00
NO TERMINADO: 0a00b000
NO TERMINADO: 0a00b00a
0a00b00a
NO TERMINADO: 0a00b00b
0a00b00b
NO TERMINADO: 0a00b0a
NO TERMINADO: 0a00b0a0
NO TERMINADO: 0a00b0aa
0a00b0aa
NO TERMINADO: 0a00b0ab
0a00b0ab
NO TERMINADO: 0a00b0b
NO TERMINADO: 0a00b0b0
NO TERMINADO: 0a00b0ba
0a00b0ba
NO TERMINADO: 0a00b0bb
0a00b0bb
NO TERMINADO: 0a00ba
NO TERMINADO: 0a00ba0
NO TERMINADO: 0a00ba00
NO TERMINADO: 0a00ba0a
0a00ba0a
NO TERMINADO: 0a00ba0b
0a00ba0b
NO TERMINADO: 0a00baa
NO TERMINADO: 0a00bab
NO TERMINADO: 0a00bb
NO TERMINADO: 0a00bb0
NO TERMINADO: 0a00bb00
NO TERMINADO: 0a00bb0a
0a00bb0a
NO TERMINADO: 0a00bb0b
0a00bb0b
NO TERMINADO: 0a00bba
NO TERMINADO: 0a00bbb
NO TERMINADO: 0a0a
NO TERMINADO: 0a0a0
NO TERMINADO: 0a0a00
NO TERMINADO: 0a0a000
NO TERMINADO: 0a0a00a
NO TERMINADO: 0a0a00a0
NO TERMINADO: 0a0a00aa
0a0a00aa
NO TERMINADO: 0a0a00ab
0a0a00ab
NO TERMINADO: 0a0a00b
NO TERMINADO: 0a0a00b0
NO TERMINADO: 0a0a00ba
0a0a00ba
NO TERMINADO: 0a0a00bb
0a0a00bb
NO TERMINADO: 0a0a0a
NO TERMINADO: 0a0a0a0
NO TERMINADO: 0a0a0a00
NO TERMINADO: 0a0a0a0a
0a0a0a0a
NO TERMINADO: 0a0a0a0b
0a0a0a0b
NO TERMINADO: 0a0a0aa
NO TERMINADO: 0a0a0aa0
NO TERMINADO: 0a0a0aaa
NO TERMINADO: 0a0a0aab
NO TERMINADO: 0a0a0ab
NO TERMINADO: 0a0a0ab0
NO TERMINADO: 0a0a0aba
NO TERMINADO: 0a0a0abb
NO TERMINADO: 0a0a0b
NO TERMINADO: 0a0a0b0
NO TERMINADO: 0a0a0b00
NO TERMINADO: 0a0a0b0a
0a0a0b0a
NO TERMINADO: 0a0a0b0b
0a0a0b0b
NO TERMINADO: 0a0a0ba
NO TERMINADO: 0a0a0ba0
NO TERMINADO: 0a0a0baa
NO TERMINADO: 0a0a0bab
NO TERMINADO: 0a0a0bb
NO TERMINADO: 0a0a0bb0
NO TERMINADO: 0a0a0bba
NO TERMINADO: 0a0a0bbb
NO TERMINADO: 0a0aa
NO TERMINADO: 0a0aa0
NO TERMINADO: 0a0aa00
NO TERMINADO: 0a0aa000
NO TERMINADO: 0a0aa00a
0a0aa00a
NO TERMINADO: 0a0aa00b
0a0aa00b
NO TERMINADO: 0a0aa0a
NO TERMINADO: 0a0aa0a0
NO TERMINADO: 0a0aa0aa
0a0aa0aa
NO TERMINADO: 0a0aa0ab
0a0aa0ab
NO TERMINADO: 0a0aa0b
NO TERMINADO: 0a0aa0b0
NO TERMINADO: 0a0aa0ba
0a0aa0ba
NO TERMINADO: 0a0aa0bb
0a0aa0bb
NO TERMINADO: 0a0aaa
NO TERMINADO: 0a0aab
NO TERMINADO: 0a0ab
NO TERMINADO: 0a0ab0
NO TERMINADO: 0a0ab00
NO TERMINADO: 0a0ab000
NO TERMINADO: 0a0ab00a
0a0ab00a
NO TERMINADO: 0a0ab00b
0a0ab00b
NO TERMINADO: 0a0ab0a
NO TERMINADO: 0a0ab0a0
NO TERMINADO: 0a0ab0aa
0a0ab0aa
NO TERMINADO: 0a0ab0ab
0a0ab0ab
NO TERMINADO: 0a0ab0b
NO TERMINADO: 0a0ab0b0
NO TERMINADO: 0a0ab0ba
0a0ab0ba
NO TERMINADO: 0a0ab0bb
0a0ab0bb
NO TERMINADO: 0a0aba
NO TERMINADO: 0a0abb
NO TERMINADO: 0a0b
NO TERMINADO: 0a0b0
NO TERMINADO: 0a0b00
NO TERMINADO: 0a0b000
NO TERMINADO: 0a0b00a
NO TERMINADO: 0a0b00a0
NO TERMINADO: 0a0b00aa
0a0b00aa
NO TERMINADO: 0a0b00ab
0a0b00ab
NO TERMINADO: 0a0b00b
NO TERMINADO: 0a0b00b0
NO TERMINADO: 0a0b00ba
0a0b00ba
NO TERMINADO: 0a0b00bb
0a0b00bb
NO TERMINADO: 0a0b0a
NO TERMINADO: 0a0b0a0
NO TERMINADO: 0a0b0a00
NO TERMINADO: 0a0b0a0a
0a0b0a0a
NO TERMINADO: 0a0b0a0b
0a0b0a0b
NO TERMINADO: 0a0b0aa
NO TERMINADO: 0a0b0aa0
NO TERMINADO: 0a0b0aaa
NO TERMINADO: 0a0b0aab
NO TERMINADO: 0a0b0ab
NO TERMINADO: 0a0b0ab0
NO TERMINADO: 0a0b0aba
NO TERMINADO: 0a0b0abb
NO TERMINADO: 0a0b0b
NO TERMINADO: 0a0b0b0
NO TERMINADO: 0a0b0b00
NO TERMINADO: 0a0b0b0a
0a0b0b0a
NO TERMINADO: 0a0b0b0b
0a0b0b0b
NO TERMINADO: 0a0b0ba
NO TERMINADO: 0a0b0ba0
NO TERMINADO: 0a0b0baa
NO TERMINADO: 0a0b0bab
NO TERMINADO: 0a0b0bb
NO TERMINADO: 0a0b0bb0
NO TERMINADO: 0a0b0bba
NO TERMINADO: 0a0b0bbb
NO TERMINADO: 0a0ba
NO TERMINADO: 0a0ba0
NO TERMINADO: 0a0ba00
NO TERMINADO: 0a0ba000
NO TERMINADO: 0a0ba00a
0a0ba00a
NO TERMINADO: 0a0ba00b
0a0ba00b
NO TERMINADO: 0a0ba0a
NO TERMINADO: 0a0ba0a0
NO TERMINADO: 0a0ba0aa
0a0ba0aa
NO TERMINADO: 0a0ba0ab
0a0ba0ab
NO TERMINADO: 0a0ba0b
NO TERMINADO: 0a0ba0b0
NO TERMINADO: 0a0ba0ba
0a0ba0ba
NO TERMINADO: 0a0ba0bb
0a0ba0bb
NO TERMINADO: 0a0baa
NO TERMINADO: 0a0bab
NO TERMINADO: 0a0bb
NO TERMINADO: 0a0bb0
NO TERMINADO: 0a0bb00
NO TERMINADO: 0a0bb000
NO TERMINADO: 0a0bb00a
0a0bb00a
NO TERMINADO: 0a0bb00b
0a0bb00b
NO TERMINADO: 0a0bb0a
NO TERMINADO: 0a0bb0a0
NO TERMINADO: 0a0bb0aa
0a0bb0aa
NO TERMINADO: 0a0bb0ab
0a0bb0ab
NO TERMINADO: 0a0bb0b
NO TERMINADO: 0a0bb0b0
NO TERMINADO: 0a0bb0ba
0a0bb0ba
NO TERMINADO: 0a0bb0bb
0a0bb0bb
NO TERMINADO: 0a0bba
NO TERMINADO: 0a0bbb
NO TERMINADO: 0aa
NO TERMINADO: 0aa0
NO TERMINADO: 0aa00
NO TERMINADO: 0aa000
NO TERMINADO: 0aa00a
NO TERMINADO: 0aa00a0
NO TERMINADO: 0aa00a00
NO TERMINADO: 0aa00a0a
0aa00a0a
NO TERMINADO: 0aa00a0b
0aa00a0b
NO TERMINADO: 0aa00aa
NO TERMINADO: 0aa00aa0
NO TERMINADO: 0aa00aaa
NO TERMINADO: 0aa00aab
NO TERMINADO: 0aa00ab
NO TERMINADO: 0aa00ab0
NO TERMINADO: 0aa00aba
NO TERMINADO: 0aa00abb
NO TERMINADO: 0aa00b
NO TERMINADO: 0aa00b0
NO TERMINADO: 0aa00b00
NO TERMINADO: 0aa00b0a
0aa00b0a
NO TERMINADO: 0aa00b0b
0aa00b0b
NO TERMINADO: 0aa00ba
NO TERMINADO: 0aa00ba0
NO TERMINADO: 0aa00baa
NO TERMINADO: 0aa00bab
NO TERMINADO: 0aa00bb
NO TERMINADO: 0aa00bb0
NO TERMINADO: 0aa00bba
NO TERMINADO: 0aa00bbb
NO TERMINADO: 0aa0a
NO TERMINADO: 0aa0a0
NO TERMINADO: 0aa0a00
NO TERMINADO: 0aa0a000
NO TERMINADO: 0aa0a00a
0aa0a00a
NO TERMINADO: 0aa0a00b
0aa0a00b
NO TERMINADO: 0aa0a0a
NO TERMINADO: 0aa0a0a0
NO TERMINADO: 0aa0a0aa
0aa0a0aa
NO TERMINADO: 0aa0a0ab
0aa0a0ab
NO TERMINADO: 0aa0a0b
NO TERMINADO: 0aa0a0b0
NO TERMINADO: 0aa0a0ba
0aa0a0ba
NO TERMINADO: 0aa0a0bb
0aa0a0bb
NO TERMINADO: 0aa0aa
NO TERMINADO: 0aa0aa0
NO TERMINADO: 0aa0aa00
NO TERMINADO: 0aa0aa0a
0aa0aa0a
NO TERMINADO: 0aa0aa0b
0aa0aa0b
NO TERMINADO: 0aa0aaa
NO TERMINADO: 0aa0aab
NO TERMINADO: 0aa0ab
NO TERMINADO: 0aa0ab0
NO TERMINADO: 0aa0ab00
NO TERMINADO: 0aa0ab0a
0aa0ab0a
NO TERMINADO: 0aa0ab0b
0aa0ab0b
NO TERMINADO: 0aa0aba
NO TERMINADO: 0aa0abb
NO TERMINADO: 0aa0b
NO TERMINADO: 0aa0b0
NO TERMINADO: 0aa0b00
NO TERMINADO: 0aa0b000
NO TERMINADO: 0aa0b00a
0aa0b00a
NO TERMINADO: 0aa0b00b
0aa0b00b
NO TERMINADO: 0aa0b0a
NO TERMINADO: 0aa0b0a0
NO TERMINADO: 0aa0b0aa
0aa0b0aa
NO TERMINADO: 0aa0b0ab
0aa0b0ab
NO TERMINADO: 0aa0b0b
NO TERMINADO: 0aa0b0b0
NO TERMINADO: 0aa0b0ba
0aa0b0ba
NO TERMINADO: 0aa0b0bb
0aa0b0bb
NO TERMINADO: 0aa0ba
NO TERMINADO: 0aa0ba0
NO TERMINADO: 0aa0ba00
NO TERMINADO: 0aa0ba0a
0aa0ba0a
NO TERMINADO: 0aa0ba0b
0aa0ba0b
NO TERMINADO: 0aa0baa
NO TERMINADO: 0aa0bab
NO TERMINADO: 0aa0bb
NO TERMINADO: 0aa0bb0
NO TERMINADO: 0aa0bb00
NO TERMINADO: 0aa0bb0a
0aa0bb0a
NO TERMINADO: 0aa0bb0b
0aa0bb0b
NO TERMINADO: 0aa0bba
NO TERMINADO: 0aa0bbb
NO TERMINADO: 0aaa
NO TERMINADO: 0aab
NO TERMINADO: 0ab
NO TERMINADO: 0ab0
NO TERMINADO: 0ab00
NO TERMINADO: 0ab000
NO TERMINADO: 0ab00a
NO TERMINADO: 0ab00a0
NO TERMINADO: 0ab00a00
NO TERMINADO: 0ab00a0a
0ab00a0a
NO TERMINADO: 0ab00a0b
0ab00a0b
NO TERMINADO: 0ab00aa
NO TERMINADO: 0ab00aa0
NO TERMINADO: 0ab00aaa
NO TERMINADO: 0ab00aab
NO TERMINADO: 0ab00ab
NO TERMINADO: 0ab00ab0
NO TERMINADO: 0ab00aba
NO TERMINADO: 0ab00abb
NO TERMINADO: 0ab00b
NO TERMINADO: 0ab00b0
NO TERMINADO: 0ab00b00
NO TERMINADO: 0ab00b0a
0ab00b0a
NO TERMINADO: 0ab00b0b
0ab00b0b
NO TERMINADO: 0ab00ba
NO TERMINADO: 0ab00ba0
NO TERMINADO: 0ab00baa
NO TERMINADO: 0ab00bab
NO TERMINADO: 0ab00bb
NO TERMINADO: 0ab00bb0
NO TERMINADO: 0ab00bba
NO TERMINADO: 0ab00bbb
NO TERMINADO: 0ab0a
NO TERMINADO: 0ab0a0
NO TERMINADO: 0ab0a00
NO TERMINADO: 0ab0a000
NO TERMINADO: 0ab0a00a
0ab0a00a
NO TERMINADO: 0ab0a00b
0ab0a00b
NO TERMINADO: 0ab0a0a
NO TERMINADO: 0ab0a0a0
NO TERMINADO: 0ab0a0aa
0ab0a0aa
NO TERMINADO: 0ab0a0ab
0ab0a0ab
NO TERMINADO: 0ab0a0b
NO TERMINADO: 0ab0a0b0
NO TERMINADO: 0ab0a0ba
0ab0a0ba
NO TERMINADO: 0ab0a0bb
0ab0a0bb
NO TERMINADO: 0ab0aa
NO TERMINADO: 0ab0aa0
NO TERMINADO: 0ab0aa00
NO TERMINADO: 0ab0aa0a
0ab0aa0a
NO TERMINADO: 0ab0aa0b
0ab0aa0b
NO TERMINADO: 0ab0aaa
NO TERMINADO: 0ab0aab
NO TERMINADO: 0ab0ab
NO TERMINADO: 0ab0ab0
NO TERMINADO: 0ab0ab00
NO TERMINADO: 0ab0ab0a
0ab0ab0a
NO TERMINADO: 0ab0ab0b
0ab0ab0b
NO TERMINADO: 0ab0aba
NO TERMINADO: 0ab0abb
NO TERMINADO: 0ab0b
NO TERMINADO: 0ab0b0
NO TERMINADO: 0ab0b00
NO TERMINADO: 0ab0b000
NO TERMINADO: 0ab0b00a
0ab0b00a
NO TERMINADO: 0ab0b00b
0ab0b00b
NO TERMINADO: 0ab0b0a
NO TERMINADO: 0ab0b0a0
NO TERMINADO: 0ab0b0aa
0ab0b0aa
NO TERMINADO: 0ab0b0ab
0ab0b0ab
NO TERMINADO: 0ab0b0b
NO TERMINADO: 0ab0b0b0
NO TERMINADO: 0ab0b0ba
0ab0b0ba
NO TERMINADO: 0ab0b0bb
0ab0b0bb
NO TERMINADO: 0ab0ba
NO TERMINADO: 0ab0ba0
NO TERMINADO: 0ab0ba00
NO TERMINADO: 0ab0ba0a
0ab0ba0a
NO TERMINADO: 0ab0ba0b
0ab0ba0b
NO TERMINADO: 0ab0baa
NO TERMINADO: 0ab0bab
NO TERMINADO: 0ab0bb
NO TERMINADO: 0ab0bb0
NO TERMINADO: 0ab0bb00
NO TERMINADO: 0ab0bb0a
0ab0bb0a
NO TERMINADO: 0ab0bb0b
0ab0bb0b
NO TERMINADO: 0ab0bba
NO TERMINADO: 0ab0bbb
NO TERMINADO: 0aba
NO TERMINADO: 0abb
NO TERMINADO: 0b
NO TERMINADO: 0b0
NO TERMINADO: 0b00
NO TERMINADO: 0b000
NO TERMINADO: 0b00a
NO TERMINADO: 0b00a0
NO TERMINADO: 0b00a00
NO TERMINADO: 0b00a000
NO TERMINADO: 0b00a00a
0b00a00a
NO TERMINADO: 0b00a00b
0b00a00b
NO TERMINADO: 0b00a0a
NO TERMINADO: 0b00a0a0
NO TERMINADO: 0b00a0aa
0b00a0aa
NO TERMINADO: 0b00a0ab
0b00a0ab
NO TERMINADO: 0b00a0b
NO TERMINADO: 0b00a0b0
NO TERMINADO: 0b00a0ba
0b00a0ba
NO TERMINADO: 0b00a0bb
0b00a0bb
NO TERMINADO: 0b00aa
NO TERMINADO: 0b00aa0
NO TERMINADO: 0b00aa00
NO TERMINADO: 0b00aa0a
0b00aa0a
NO TERMINADO: 0b00aa0b
0b00aa0b
NO TERMINADO: 0b00aaa
NO TERMINADO: 0b00aab
NO TERMINADO: 0b00ab
NO TERMINADO: 0b00ab0
NO TERMINADO: 0b00ab00
NO TERMINADO: 0b00ab0a
0b00ab0a
NO TERMINADO: 0b00ab0b
0b00ab0b
NO TERMINADO: 0b00aba
NO TERMINADO: 0b00abb
NO TERMINADO: 0b00b
NO TERMINADO: 0b00b0
NO TERMINADO: 0b00b00
NO TERMINADO: 0b00b000
NO TERMINADO: 0b00b00a
0b00b00a
NO TERMINADO: 0b00b00b
0b00b00b
NO TERMINADO: 0b00b0a
NO TERMINADO: 0b00b0a0
NO TERMINADO: 0b00b0aa
0b00b0aa
NO TERMINADO: 0b00b0ab
0b00b0ab
NO TERMINADO: 0b00b0b
NO TERMINADO: 0b00b0b0
NO TERMINADO: 0b00b0ba
0b00b0ba
NO TERMINADO: 0b00b0bb
0b00b0bb
NO TERMINADO: 0b00ba
NO TERMINADO: 0b00ba0
NO TERMINADO: 0b00ba00
NO TERMINADO: 0b00ba0a
0b00ba0a
NO TERMINADO: 0b00ba0b
0b00ba0b
NO TERMINADO: 0b00baa
NO TERMINADO: 0b00bab
NO TERMINADO: 0b00bb
NO TERMINADO: 0b00bb0
NO TERMINADO: 0b00bb00
NO TERMINADO: 0b00bb0a
0b00bb0a
NO TERMINADO: 0b00bb0b
0b00bb0b
NO TERMINADO: 0b00bba
NO TERMINADO: 0b00bbb
NO TERMINADO: 0b0a
NO TERMINADO: 0b0a0
NO TERMINADO: 0b0a00
NO TERMINADO: 0b0a000
NO TERMINADO: 0b0a00a
NO TERMINADO: 0b0a00a0
NO TERMINADO: 0b0a00aa
0b0a00aa
NO TERMINADO: 0b0a00ab
0b0a00ab
NO TERMINADO: 0b0a00b
NO TERMINADO: 0b0a00b0
NO TERMINADO: 0b0a00ba
0b0a00ba
NO TERMINADO: 0b0a00bb
0b0a00bb
NO TERMINADO: 0b0a0a
NO TERMINADO: 0b0a0a0
NO TERMINADO: 0b0a0a00
NO TERMINADO: 0b0a0a0a
0b0a0a0a
NO TERMINADO: 0b0a0a0b
0b0a0a0b
NO TERMINADO: 0b0a0aa
NO TERMINADO: 0b0a0aa0
NO TERMINADO: 0b0a0aaa
NO TERMINADO: 0b0a0aab
NO TERMINADO: 0b0a0ab
NO TERMINADO: 0b0a0ab0
NO TERMINADO: 0b0a0aba
NO TERMINADO: 0b0a0abb
NO TERMINADO: 0b0a0b
NO TERMINADO: 0b0a0b0
NO TERMINADO: 0b0a0b00
NO TERMINADO: 0b0a0b0a
0b0a0b0a
NO TERMINADO: 0b0a0b0b
0b0a0b0b
NO TERMINADO: 0b0a0ba
NO TERMINADO: 0b0a0ba0
NO TERMINADO: 0b0a0baa
NO TERMINADO: 0b0a0bab
NO TERMINADO: 0b0a0bb
NO TERMINADO: 0b0a0bb0
NO TERMINADO: 0b0a0bba
NO TERMINADO: 0b0a0bbb
NO TERMINADO: 0b0aa
NO TERMINADO: 0b0aa0
NO TERMINADO: 0b0aa00
NO TERMINADO: 0b0aa000
NO TERMINADO: 0b0aa00a
0b0aa00a
NO TERMINADO: 0b0aa00b
0b0aa00b
NO TERMINADO: 0b0aa0a
NO TERMINADO: 0b0aa0a0
NO TERMINADO: 0b0aa0aa
0b0aa0aa
NO TERMINADO: 0b0aa0ab
0b0aa0ab
NO TERMINADO: 0b0aa0b
NO TERMINADO: 0b0aa0b0
NO TERMINADO: 0b0aa0ba
0b0aa0ba
NO TERMINADO: 0b0aa0bb
0b0aa0bb
NO TERMINADO: 0b0aaa
NO TERMINADO: 0b0aab
NO TERMINADO: 0b0ab
NO TERMINADO: 0b0ab0
NO TERMINADO: 0b0ab00
NO TERMINADO: 0b0ab000
NO TERMINADO: 0b0ab00a
0b0ab00a
NO TERMINADO: 0b0ab00b
0b0ab00b
NO TERMINADO: 0b0ab0a
NO TERMINADO: 0b0ab0a0
NO TERMINADO: 0b0ab0aa
0b0ab0aa
NO TERMINADO: 0b0ab0ab
0b0ab0ab
NO TERMINADO: 0b0ab0b
NO TERMINADO: 0b0ab0b0
NO TERMINADO: 0b0ab0ba
0b0ab0ba
NO TERMINADO: 0b0ab0bb
0b0ab0bb
NO TERMINADO: 0b0aba
NO TERMINADO: 0b0abb
NO TERMINADO: 0b0b
NO TERMINADO: 0b0b0
NO TERMINADO: 0b0b00
NO TERMINADO: 0b0b000
NO TERMINADO: 0b0b00a
NO TERMINADO: 0b0b00a0
NO TERMINADO: 0b0b00aa
0b0b00aa
NO TERMINADO: 0b0b00ab
0b0b00ab
NO TERMINADO: 0b0b00b
NO TERMINADO: 0b0b00b0
NO TERMINADO: 0b0b00ba
0b0b00ba
NO TERMINADO: 0b0b00bb
0b0b00bb
NO TERMINADO: 0b0b0a
NO TERMINADO: 0b0b0a0
NO TERMINADO: 0b0b0a00
NO TERMINADO: 0b0b0a0a
0b0b0a0a
NO TERMINADO: 0b0b0a0b
0b0b0a0b
NO TERMINADO: 0b0b0aa
NO TERMINADO: 0b0b0aa0
NO TERMINADO: 0b0b0aaa
NO TERMINADO: 0b0b0aab
NO TERMINADO: 0b0b0ab
NO TERMINADO: 0b0b0ab0
NO TERMINADO: 0b0b0aba
NO TERMINADO: 0b0b0abb
NO TERMINADO: 0b0b0b
NO TERMINADO: 0b0b0b0
NO TERMINADO: 0b0b0b00
NO TERMINADO: 0b0b0b0a
0b0b0b0a
NO TERMINADO: 0b0b0b0b
0b0b0b0b
NO TERMINADO: 0b0b0ba
NO TERMINADO: 0b0b0ba0
NO TERMINADO: 0b0b0baa
NO TERMINADO: 0b0b0bab
NO TERMINADO: 0b0b0bb
NO TERMINADO: 0b0b0bb0
NO TERMINADO: 0b0b0bba
NO TERMINADO: 0b0b0bbb
NO TERMINADO: 0b0ba
NO TERMINADO: 0b0ba0
NO TERMINADO: 0b0ba00
NO TERMINADO: 0b0ba000
NO TERMINADO: 0b0ba00a
0b0ba00a
NO TERMINADO: 0b0ba00b
0b0ba00b
NO TERMINADO: 0b0ba0a
NO TERMINADO: 0b0ba0a0
NO TERMINADO: 0b0ba0aa
0b0ba0aa
NO TERMINADO: 0b0ba0ab
0b0ba0ab
NO TERMINADO: 0b0ba0b
NO TERMINADO: 0b0ba0b0
NO TERMINADO: 0b0ba0ba
0b0ba0ba
NO TERMINADO: 0b0ba0bb
0b0ba0bb
NO TERMINADO: 0b0baa
NO TERMINADO: 0b0bab
NO TERMINADO: 0b0bb
NO TERMINADO: 0b0bb0
NO TERMINADO: 0b0bb00
NO TERMINADO: 0b0bb000
NO TERMINADO: 0b0bb00a
0b0bb00a
NO TERMINADO: 0b0bb00b
0b0bb00b
NO TERMINADO: 0b0bb0a
NO TERMINADO: 0b0bb0a0
NO TERMINADO: 0b0bb0aa
0b0bb0aa
NO TERMINADO: 0b0bb0ab
0b0bb0ab
NO TERMINADO: 0b0bb0b
NO TERMINADO: 0b0bb0b0
NO TERMINADO: 0b0bb0ba
0b0bb0ba
NO TERMINADO: 0b0bb0bb
0b0bb0bb
NO TERMINADO: 0b0bba
NO TERMINADO: 0b0bbb
NO TERMINADO: 0ba
NO TERMINADO: 0ba0
NO TERMINADO: 0ba00
NO TERMINADO: 0ba000
NO TERMINADO: 0ba00a
NO TERMINADO: 0ba00a0
NO TERMINADO: 0ba00a00
NO TERMINADO: 0ba00a0a
0ba00a0a
NO TERMINADO: 0ba00a0b
0ba00a0b
NO TERMINADO: 0ba00aa
NO TERMINADO: 0ba00aa0
NO TERMINADO: 0ba00aaa
NO TERMINADO: 0ba00aab
NO TERMINADO: 0ba00ab
NO TERMINADO: 0ba00ab0
NO TERMINADO: 0ba00aba
NO TERMINADO: 0ba00abb
NO TERMINADO: 0ba00b
NO TERMINADO: 0ba00b0
NO TERMINADO: 0ba00b00
NO TERMINADO: 0ba00b0a
0ba00b0a
NO TERMINADO: 0ba00b0b
0ba00b0b
NO TERMINADO: 0ba00ba
NO TERMINADO: 0ba00ba0
NO TERMINADO: 0ba00baa
NO TERMINADO: 0ba00bab
NO TERMINADO: 0ba00bb
NO TERMINADO: 0ba00bb0
NO TERMINADO: 0ba00bba
NO TERMINADO: 0ba00bbb
NO TERMINADO: 0ba0a
NO TERMINADO: 0ba0a0
NO TERMINADO: 0ba0a00
NO TERMINADO: 0ba0a000
NO TERMINADO: 0ba0a00a
0ba0a00a
NO TERMINADO: 0ba0a00b
0ba0a00b
NO TERMINADO: 0ba0a0a
NO TERMINADO: 0ba0a0a0
NO TERMINADO: 0ba0a0aa
0ba0a0aa
NO TERMINADO: 0ba0a0ab
0ba0a0ab
NO TERMINADO: 0ba0a0b
NO TERMINADO: 0ba0a0b0
NO TERMINADO: 0ba0a0ba
0ba0a0ba
NO TERMINADO: 0ba0a0bb
0ba0a0bb
NO TERMINADO: 0ba0aa
NO TERMINADO: 0ba0aa0
NO TERMINADO: 0ba0aa00
NO TERMINADO: 0ba0aa0a
0ba0aa0a
NO TERMINADO: 0ba0aa0b
0ba0aa0b
NO TERMINADO: 0ba0aaa
NO TERMINADO: 0ba0aab
NO TERMINADO: 0ba0ab
NO TERMINADO: 0ba0ab0
NO TERMINADO: 0ba0ab00
NO TERMINADO: 0ba0ab0a
0ba0ab0a
NO TERMINADO: 0ba0ab0b
0ba0ab0b
NO TERMINADO: 0ba0aba
NO TERMINADO: 0ba0abb
NO TERMINADO: 0ba0b
NO TERMINADO: 0ba0b0
NO TERMINADO: 0ba0b00
NO TERMINADO: 0ba0b000
NO TERMINADO: 0ba0b00a
0ba0b00a
NO TERMINADO: 0ba0b00b
0ba0b00b
NO TERMINADO: 0ba0b0a
NO TERMINADO: 0ba0b0a0
NO TERMINADO: 0ba0b0aa
0ba0b0aa
NO TERMINADO: 0ba0b0ab
0ba0b0ab
NO TERMINADO: 0ba0b0b
NO TERMINADO: 0ba0b0b0
NO TERMINADO: 0ba0b0ba
0ba0b0ba
NO TERMINADO: 0ba0b0bb
0ba0b0bb
NO TERMINADO: 0ba0ba
NO TERMINADO: 0ba0ba0
NO TERMINADO: 0ba0ba00
NO TERMINADO: 0ba0ba0a
0ba0ba0a
NO TERMINADO: 0ba0ba0b
0ba0ba0b
NO TERMINADO: 0ba0baa
NO TERMINADO: 0ba0bab
NO TERMINADO: 0ba0bb
NO TERMINADO: 0ba0bb0
NO TERMINADO: 0ba0bb00
NO TERMINADO: 0ba0bb0a
0ba0bb0a
NO TERMINADO: 0ba0bb0b
0ba0bb0b
NO TERMINADO: 0ba0bba
NO TERMINADO: 0ba0bbb
NO TERMINADO: 0baa
NO TERMINADO: 0bab
NO TERMINADO: 0bb
NO TERMINADO: 0bb0
NO TERMINADO: 0bb00
NO TERMINADO: 0bb000
NO TERMINADO: 0bb00a
NO TERMINADO: 0bb00a0
NO TERMINADO: 0bb00a00
NO TERMINADO: 0bb00a0a
0bb00a0a
NO TERMINADO: 0bb00a0b
0bb00a0b
NO TERMINADO: 0bb00aa
NO TERMINADO: 0bb00aa0
NO TERMINADO: 0bb00aaa
NO TERMINADO: 0bb00aab
NO TERMINADO: 0bb00ab
NO TERMINADO: 0bb00ab0
NO TERMINADO: 0bb00aba
NO TERMINADO: 0bb00abb
NO TERMINADO: 0bb00b
NO TERMINADO: 0bb00b0
NO TERMINADO: 0bb00b00
NO TERMINADO: 0bb00b0a
0bb00b0a
NO TERMINADO: 0bb00b0b
0bb00b0b
NO TERMINADO: 0bb00ba
NO TERMINADO: 0bb00ba0
NO TERMINADO: 0bb00baa
NO TERMINADO: 0bb00bab
NO TERMINADO: 0bb00bb
NO TERMINADO: 0bb00bb0
NO TERMINADO: 0bb00bba
NO TERMINADO: 0bb00bbb
NO TERMINADO: 0bb0a
NO TERMINADO: 0bb0a0
NO TERMINADO: 0bb0a00
NO TERMINADO: 0bb0a000
NO TERMINADO: 0bb0a00a
0bb0a00a
NO TERMINADO: 0bb0a00b
0bb0a00b
NO TERMINADO: 0bb0a0a
NO TERMINADO: 0bb0a0a0
NO TERMINADO: 0bb0a0aa
0bb0a0aa
NO TERMINADO: 0bb0a0ab
0bb0a0ab
NO TERMINADO: 0bb0a0b
NO TERMINADO: 0bb0a0b0
NO TERMINADO: 0bb0a0ba
0bb0a0ba
NO TERMINADO: 0bb0a0bb
0bb0a0bb
NO TERMINADO: 0bb0aa
NO TERMINADO: 0bb0aa0
NO TERMINADO: 0bb0aa00
NO TERMINADO: 0bb0aa0a
0bb0aa0a
NO TERMINADO: 0bb0aa0b
0bb0aa0b
NO TERMINADO: 0bb0aaa
NO TERMINADO: 0bb0aab
NO TERMINADO: 0bb0ab
NO TERMINADO: 0bb0ab0
NO TERMINADO: 0bb0ab00
NO TERMINADO: 0bb0ab0a
0bb0ab0a
NO TERMINADO: 0bb0ab0b
0bb0ab0b
NO TERMINADO: 0bb0aba
NO TERMINADO: 0bb0abb
NO TERMINADO: 0bb0b
NO TERMINADO: 0bb0b0
NO TERMINADO: 0bb0b00
NO TERMINADO: 0bb0b000
NO TERMINADO: 0bb0b00a
0bb0b00a
NO TERMINADO: 0bb0b00b
0bb0b00b
NO TERMINADO: 0bb0b0a
NO TERMINADO: 0bb0b0a0
NO TERMINADO: 0bb0b0aa
0bb0b0aa
NO TERMINADO: 0bb0b0ab
0bb0b0ab
NO TERMINADO: 0bb0b0b
NO TERMINADO: 0bb0b0b0
NO TERMINADO: 0bb0b0ba
0bb0b0ba
NO TERMINADO: 0bb0b0bb
0bb0b0bb
NO TERMINADO: 0bb0ba
NO TERMINADO: 0bb0ba0
NO TERMINADO: 0bb0ba00
NO TERMINADO: 0bb0ba0a
0bb0ba0a
NO TERMINADO: 0bb0ba0b
0bb0ba0b
NO TERMINADO: 0bb0baa
NO TERMINADO: 0bb0bab
NO TERMINADO: 0bb0bb
NO TERMINADO: 0bb0bb0
NO TERMINADO: 0bb0bb00
NO TERMINADO: 0bb0bb0a
0bb0bb0a
NO TERMINADO: 0bb0bb0b
0bb0bb0b
NO TERMINADO: 0bb0bba
NO TERMINADO: 0bb0bbb
NO TERMINADO: 0bba
NO TERMINADO: 0bbb
NO TERMINADO: a
NO TERMINADO: b
NO TERMINADO: b0
NO TERMINADO: b00
NO TERMINADO: b000
NO TERMINADO: b00a
NO TERMINADO: b00a0
NO TERMINADO: b00a00
NO TERMINADO: b00a000
NO TERMINADO: b00a00a
NO TERMINADO: b00a00a0
b00a00a0
NO TERMINADO: b00a00aa
b00a00aa
NO TERMINADO: b00a00ab
b00a00ab
NO TERMINADO: b00a00b
NO TERMINADO: b00a00b0
b00a00b0
NO TERMINADO: b00a00ba
b00a00ba
NO TERMINADO: b00a00bb
b00a00bb
NO TERMINADO: b00a0a
NO TERMINADO: b00a0a0
NO TERMINADO: b00a0a00
b00a0a00
NO TERMINADO: b00a0a0a
b00a0a0a
NO TERMINADO: b00a0a0b
b00a0a0b
NO TERMINADO: b00a0aa
NO TERMINADO: b00a0aa0
b00a0aa0
NO TERMINADO: b00a0aaa
NO TERMINADO: b00a0aab
NO TERMINADO: b00a0ab
NO TERMINADO: b00a0ab0
b00a0ab0
NO TERMINADO: b00a0aba
NO TERMINADO: b00a0abb
NO TERMINADO: b00a0b
NO TERMINADO: b00a0b0
NO TERMINADO: b00a0b00
b00a0b00
NO TERMINADO: b00a0b0a
b00a0b0a
NO TERMINADO: b00a0b0b
b00a0b0b
NO TERMINADO: b00a0ba
NO TERMINADO: b00a0ba0
b00a0ba0
NO TERMINADO: b00a0baa
NO TERMINADO: b00a0bab
NO TERMINADO: b00a0bb
NO TERMINADO: b00a0bb0
b00a0bb0
NO TERMINADO: b00a0bba
NO TERMINADO: b00a0bbb
NO TERMINADO: b00aa
NO TERMINADO: b00aa0
NO TERMINADO: b00aa00
NO TERMINADO: b00aa000
NO TERMINADO: b00aa00a
b00aa00a
NO TERMINADO: b00aa00b
b00aa00b
NO TERMINADO: b00aa0a
NO TERMINADO: b00aa0a0
b00aa0a0
NO TERMINADO: b00aa0aa
b00aa0aa
NO TERMINADO: b00aa0ab
b00aa0ab
NO TERMINADO: b00aa0b
NO TERMINADO: b00aa0b0
b00aa0b0
NO TERMINADO: b00aa0ba
b00aa0ba
NO TERMINADO: b00aa0bb
b00aa0bb
NO TERMINADO: b00aaa
NO TERMINADO: b00aab
NO TERMINADO: b00ab
NO TERMINADO: b00ab0
NO TERMINADO: b00ab00
NO TERMINADO: b00ab000
NO TERMINADO: b00ab00a
b00ab00a
NO TERMINADO: b00ab00b
b00ab00b
NO TERMINADO: b00ab0a
NO TERMINADO: b00ab0a0
b00ab0a0
NO TERMINADO: b00ab0aa
b00ab0aa
NO TERMINADO: b00ab0ab
b00ab0ab
NO TERMINADO: b00ab0b
NO TERMINADO: b00ab0b0
b00ab0b0
NO TERMINADO: b00ab0ba
b00ab0ba
NO TERMINADO: b00ab0bb
b00ab0bb
NO TERMINADO: b00aba
NO TERMINADO: b00abb
NO TERMINADO: b00b
NO TERMINADO: b00b0
NO TERMINADO: b00b00
NO TERMINADO: b00b000
NO TERMINADO: b00b00a
NO TERMINADO: b00b00a0
b00b00a0
NO TERMINADO: b00b00aa
b00b00aa
NO TERMINADO: b00b00ab
b00b00ab
NO TERMINADO: b00b00b
NO TERMINADO: b00b00b0
b00b00b0
NO TERMINADO: b00b00ba
b00b00ba
NO TERMINADO: b00b00bb
b00b00bb
NO TERMINADO: b00b0a
NO TERMINADO: b00b0a0
NO TERMINADO: b00b0a00
b00b0a00
NO TERMINADO: b00b0a0a
b00b0a0a
NO TERMINADO: b00b0a0b
b00b0a0b
NO TERMINADO: b00b0aa
NO TERMINADO: b00b0aa0
b00b0aa0
NO TERMINADO: b00b0aaa
NO TERMINADO: b00b0aab
NO TERMINADO: b00b0ab
NO TERMINADO: b00b0ab0
b00b0ab0
NO TERMINADO: b00b0aba
NO TERMINADO: b00b0abb
NO TERMINADO: b00b0b
NO TERMINADO: b00b0b0
NO TERMINADO: b00b0b00
b00b0b00
NO TERMINADO: b00b0b0a
b00b0b0a
NO TERMINADO: b00b0b0b
b00b0b0b
NO TERMINADO: b00b0ba
NO TERMINADO: b00b0ba0
b00b0ba0
NO TERMINADO: b00b0baa
NO TERMINADO: b00b0bab
NO TERMINADO: b00b0bb
NO TERMINADO: b00b0bb0
b00b0bb0
NO TERMINADO: b00b0bba
NO TERMINADO: b00b0bbb
NO TERMINADO: b00ba
NO TERMINADO: b00ba0
NO TERMINADO: b00ba00
NO TERMINADO: b00ba000
NO TERMINADO: b00ba00a
b00ba00a
NO TERMINADO: b00ba00b
b00ba00b
NO TERMINADO: b00ba0a
NO TERMINADO: b00ba0a0
b00ba0a0
NO TERMINADO: b00ba0aa
b00ba0aa
NO TERMINADO: b00ba0ab
b00ba0ab
NO TERMINADO: b00ba0b
NO TERMINADO: b00ba0b0
b00ba0b0
NO TERMINADO: b00ba0ba
b00ba0ba
NO TERMINADO: b00ba0bb
b00ba0bb
NO TERMINADO: b00baa
NO TERMINADO: b00bab
NO TERMINADO: b00bb
NO TERMINADO: b00bb0
NO TERMINADO: b00bb00
NO TERMINADO: b00bb000
NO TERMINADO: b00bb00a
b00bb00a
NO TERMINADO: b00bb00b
b00bb00b
NO TERMINADO: b00bb0a
NO TERMINADO: b00bb0a0
b00bb0a0
NO TERMINADO: b00bb0aa
b00bb0aa
NO TERMINADO: b00bb0ab
b00bb0ab
NO TERMINADO: b00bb0b
NO TERMINADO: b00bb0b0
b00bb0b0
NO TERMINADO: b00bb0ba
b00bb0ba
NO TERMINADO: b00bb0bb
b00bb0bb
NO TERMINADO: b00bba
NO TERMINADO: b00bbb
NO TERMINADO: b0a
NO TERMINADO: b0a0
NO TERMINADO: b0a00
NO TERMINADO: b0a000
NO TERMINADO: b0a00a
NO TERMINADO: b0a00a0
NO TERMINADO: b0a00a00
b0a00a00
NO TERMINADO: b0a00a0a
b0a00a0a
NO TERMINADO: b0a00a0b
b0a00a0b
NO TERMINADO: b0a00aa
NO TERMINADO: b0a00aa0
b0a00aa0
NO TERMINADO: b0a00aaa
NO TERMINADO: b0a00aab
NO TERMINADO: b0a00ab
NO TERMINADO: b0a00ab0
b0a00ab0
NO TERMINADO: b0a00aba
NO TERMINADO: b0a00abb
NO TERMINADO: b0a00b
NO TERMINADO: b0a00b0
NO TERMINADO: b0a00b00
b0a00b00
NO TERMINADO: b0a00b0a
b0a00b0a
NO TERMINADO: b0a00b0b
b0a00b0b
NO TERMINADO: b0a00ba
NO TERMINADO: b0a00ba0
b0a00ba0
NO TERMINADO: b0a00baa
NO TERMINADO: b0a00bab
NO TERMINADO: b0a00bb
NO TERMINADO: b0a00bb0
b0a00bb0
NO TERMINADO: b0a00bba
NO TERMINADO: b0a00bbb
NO TERMINADO: b0a0a
NO TERMINADO: b0a0a0
NO TERMINADO: b0a0a00
NO TERMINADO: b0a0a000
NO TERMINADO: b0a0a00a
b0a0a00a
NO TERMINADO: b0a0a00b
b0a0a00b
NO TERMINADO: b0a0a0a
NO TERMINADO: b0a0a0a0
b0a0a0a0
NO TERMINADO: b0a0a0aa
b0a0a0aa
NO TERMINADO: b0a0a0ab
b0a0a0ab
NO TERMINADO: b0a0a0b
NO TERMINADO: b0a0a0b0
b0a0a0b0
NO TERMINADO: b0a0a0ba
b0a0a0ba
NO TERMINADO: b0a0a0bb
b0a0a0bb
NO TERMINADO: b0a0aa
NO TERMINADO: b0a0aa0
NO TERMINADO: b0a0aa00
b0a0aa00
NO TERMINADO: b0a0aa0a
b0a0aa0a
NO TERMINADO: b0a0aa0b
b0a0aa0b
NO TERMINADO: b0a0aaa
NO TERMINADO: b0a0aab
NO TERMINADO: b0a0ab
NO TERMINADO: b0a0ab0
NO TERMINADO: b0a0ab00
b0a0ab00
NO TERMINADO: b0a0ab0a
b0a0ab0a
NO TERMINADO: b0a0ab0b
b0a0ab0b
NO TERMINADO: b0a0aba
NO TERMINADO: b0a0abb
NO TERMINADO: b0a0b
NO TERMINADO: b0a0b0
NO TERMINADO: b0a0b00
NO TERMINADO: b0a0b000
NO TERMINADO: b0a0b00a
b0a0b00a
NO TERMINADO: b0a0b00b
b0a0b00b
NO TERMINADO: b0a0b0a
NO TERMINADO: b0a0b0a0
b0a0b0a0
NO TERMINADO: b0a0b0aa
b0a0b0aa
NO TERMINADO: b0a0b0ab
b0a0b0ab
NO TERMINADO: b0a0b0b
NO TERMINADO: b0a0b0b0
b0a0b0b0
NO TERMINADO: b0a0b0ba
b0a0b0ba
NO TERMINADO: b0a0b0bb
b0a0b0bb
NO TERMINADO: b0a0ba
NO TERMINADO: b0a0ba0
NO TERMINADO: b0a0ba00
b0a0ba00
NO TERMINADO: b0a0ba0a
b0a0ba0a
NO TERMINADO: b0a0ba0b
b0a0ba0b
NO TERMINADO: b0a0baa
NO TERMINADO: b0a0bab
NO TERMINADO: b0a0bb
NO TERMINADO: b0a0bb0
NO TERMINADO: b0a0bb00
b0a0bb00
NO TERMINADO: b0a0bb0a
b0a0bb0a
NO TERMINADO: b0a0bb0b
b0a0bb0b
NO TERMINADO: b0a0bba
NO TERMINADO: b0a0bbb
NO TERMINADO: b0aa
NO TERMINADO: b0aa0
NO TERMINADO: b0aa00
NO TERMINADO: b0aa000
NO TERMINADO: b0aa00a
NO TERMINADO: b0aa00a0
b0aa00a0
NO TERMINADO: b0aa00aa
b0aa00aa
NO TERMINADO: b0aa00ab
b0aa00ab
NO TERMINADO: b0aa00b
NO TERMINADO: b0aa00b0
b0aa00b0
NO TERMINADO: b0aa00ba
b0aa00ba
NO TERMINADO: b0aa00bb
b0aa00bb
NO TERMINADO: b0aa0a
NO TERMINADO: b0aa0a0
NO TERMINADO: b0aa0a00
b0aa0a00
NO TERMINADO: b0aa0a0a
b0aa0a0a
NO TERMINADO: b0aa0a0b
b0aa0a0b
NO TERMINADO: b0aa0aa
NO TERMINADO: b0aa0aa0
b0aa0aa0
NO TERMINADO: b0aa0aaa
NO TERMINADO: b0aa0aab
NO TERMINADO: b0aa0ab
NO TERMINADO: b0aa0ab0
b0aa0ab0
NO TERMINADO: b0aa0aba
NO TERMINADO: b0aa0abb
NO TERMINADO: b0aa0b
NO TERMINADO: b0aa0b0
NO TERMINADO: b0aa0b00
b0aa0b00
NO TERMINADO: b0aa0b0a
b0aa0b0a
NO TERMINADO: b0aa0b0b
b0aa0b0b
NO TERMINADO: b0aa0ba
NO TERMINADO: b0aa0ba0
b0aa0ba0
NO TERMINADO: b0aa0baa
NO TERMINADO: b0aa0bab
NO TERMINADO: b0aa0bb
NO TERMINADO: b0aa0bb0
b0aa0bb0
NO TERMINADO: b0aa0bba
NO TERMINADO: b0aa0bbb
NO TERMINADO: b0aaa
NO TERMINADO: b0aab
NO TERMINADO: b0ab
NO TERMINADO: b0ab0
NO TERMINADO: b0ab00
NO TERMINADO: b0ab000
NO TERMINADO: b0ab00a
NO TERMINADO: b0ab00a0
b0ab00a0
NO TERMINADO: b0ab00aa
b0ab00aa
NO TERMINADO: b0ab00ab
b0ab00ab
NO TERMINADO: b0ab00b
NO TERMINADO: b0ab00b0
b0ab00b0
NO TERMINADO: b0ab00ba
b0ab00ba
NO TERMINADO: b0ab00bb
b0ab00bb
NO TERMINADO: b0ab0a
NO TERMINADO: b0ab0a0
NO TERMINADO: b0ab0a00
b0ab0a00
NO TERMINADO: b0ab0a0a
b0ab0a0a
NO TERMINADO: b0ab0a0b
b0ab0a0b
NO TERMINADO: b0ab0aa
NO TERMINADO: b0ab0aa0
b0ab0aa0
NO TERMINADO: b0ab0aaa
NO TERMINADO: b0ab0aab
NO TERMINADO: b0ab0ab
NO TERMINADO: b0ab0ab0
b0ab0ab0
NO TERMINADO: b0ab0aba
NO TERMINADO: b0ab0abb
NO TERMINADO: b0ab0b
NO TERMINADO: b0ab0b0
NO TERMINADO: b0ab0b00
b0ab0b00
NO TERMINADO: b0ab0b0a
b0ab0b0a
NO TERMINADO: b0ab0b0b
b0ab0b0b
NO TERMINADO: b0ab0ba
NO TERMINADO: b0ab0ba0
b0ab0ba0
NO TERMINADO: b0ab0baa
NO TERMINADO: b0ab0bab
NO TERMINADO: b0ab0bb
NO TERMINADO: b0ab0bb0
b0ab0bb0
NO TERMINADO: b0ab0bba
NO TERMINADO: b0ab0bbb
NO TERMINADO: b0aba
NO TERMINADO: b0abb
NO TERMINADO: b0b
NO TERMINADO: b0b0
NO TERMINADO: b0b00
NO TERMINADO: b0b000
NO TERMINADO: b0b00a
NO TERMINADO: b0b00a0
NO TERMINADO: b0b00a00
b0b00a00
NO TERMINADO: b0b00a0a
b0b00a0a
NO TERMINADO: b0b00a0b
b0b00a0b
NO TERMINADO: b0b00aa
NO TERMINADO: b0b00aa0
b0b00aa0
NO TERMINADO: b0b00aaa
NO TERMINADO: b0b00aab
NO TERMINADO: b0b00ab
NO TERMINADO: b0b00ab0
b0b00ab0
NO TERMINADO: b0b00aba
NO TERMINADO: b0b00abb
NO TERMINADO: b0b00b
NO TERMINADO: b0b00b0
NO TERMINADO: b0b00b00
b0b00b00
NO TERMINADO: b0b00b0a
b0b00b0a
NO TERMINADO: b0b00b0b
b0b00b0b
NO TERMINADO: b0b00ba
NO TERMINADO: b0b00ba0
b0b00ba0
NO TERMINADO: b0b00baa
NO TERMINADO: b0b00bab
NO TERMINADO: b0b00bb
NO TERMINADO: b0b00bb0
b0b00bb0
NO TERMINADO: b0b00bba
NO TERMINADO: b0b00bbb
NO TERMINADO: b0b0a
NO TERMINADO: b0b0a0
NO TERMINADO: b0b0a00
NO TERMINADO: b0b0a000
NO TERMINADO: b0b0a00a
b0b0a00a
NO TERMINADO: b0b0a00b
b0b0a00b
NO TERMINADO: b0b0a0a
NO TERMINADO: b0b0a0a0
b0b0a0a0
NO TERMINADO: b0b0a0aa
b0b0a0aa
NO TERMINADO: b0b0a0ab
b0b0a0ab
NO TERMINADO: b0b0a0b
NO TERMINADO: b0b0a0b0
b0b0a0b0
NO TERMINADO: b0b0a0ba
b0b0a0ba
NO TERMINADO: b0b0a0bb
b0b0a0bb
NO TERMINADO: b0b0aa
NO TERMINADO: b0b0aa0
NO TERMINADO: b0b0aa00
b0b0aa00
NO TERMINADO: b0b0aa0a
b0b0aa0a
NO TERMINADO: b0b0aa0b
b0b0aa0b
NO TERMINADO: b0b0aaa
NO TERMINADO: b0b0aab
NO TERMINADO: b0b0ab
NO TERMINADO: b0b0ab0
NO TERMINADO: b0b0ab00
b0b0ab00
NO TERMINADO: b0b0ab0a
b0b0ab0a
NO TERMINADO: b0b0ab0b
b0b0ab0b
NO TERMINADO: b0b0aba
NO TERMINADO: b0b0abb
NO TERMINADO: b0b0b
NO TERMINADO: b0b0b0
NO TERMINADO: b0b0b00
NO TERMINADO: b0b0b000
NO TERMINADO: b0b0b00a
b0b0b00a
NO TERMINADO: b0b0b00b
b0b0b00b
NO TERMINADO: b0b0b0a
NO TERMINADO: b0b0b0a0
b0b0b0a0
NO TERMINADO: b0b0b0aa
b0b0b0aa
NO TERMINADO: b0b0b0ab
b0b0b0ab
NO TERMINADO: b0b0b0b
NO TERMINADO: b0b0b0b0
b0b0b0b0
NO TERMINADO: b0b0b0ba
b0b0b0ba
NO TERMINADO: b0b0b0bb
b0b0b0bb
NO TERMINADO: b0b0ba
NO TERMINADO: b0b0ba0
NO TERMINADO: b0b0ba00
b0b0ba00
NO TERMINADO: b0b0ba0a
b0b0ba0a
NO TERMINADO: b0b0ba0b
b0b0ba0b
NO TERMINADO: b0b0baa
NO TERMINADO: b0b0bab
NO TERMINADO: b0b0bb
NO TERMINADO: b0b0bb0
NO TERMINADO: b0b0bb00
b0b0bb00
NO TERMINADO: b0b0bb0a
b0b0bb0a
NO TERMINADO: b0b0bb0b
b0b0bb0b
NO TERMINADO: b0b0bba
NO TERMINADO: b0b0bbb
NO TERMINADO: b0ba
NO TERMINADO: b0ba0
NO TERMINADO: b0ba00
NO TERMINADO: b0ba000
NO TERMINADO: b0ba00a
NO TERMINADO: b0ba00a0
b0ba00a0
NO TERMINADO: b0ba00aa
b0ba00aa
NO TERMINADO: b0ba00ab
b0ba00ab
NO TERMINADO: b0ba00b
NO TERMINADO: b0ba00b0
b0ba00b0
NO TERMINADO: b0ba00ba
b0ba00ba
NO TERMINADO: b0ba00bb
b0ba00bb
NO TERMINADO: b0ba0a
NO TERMINADO: b0ba0a0
NO TERMINADO: b0ba0a00
b0ba0a00
NO TERMINADO: b0ba0a0a
b0ba0a0a
NO TERMINADO: b0ba0a0b
b0ba0a0b
NO TERMINADO: b0ba0aa
NO TERMINADO: b0ba0aa0
b0ba0aa0
NO TERMINADO: b0ba0aaa
NO TERMINADO: b0ba0aab
NO TERMINADO: b0ba0ab
NO TERMINADO: b0ba0ab0
b0ba0ab0
NO TERMINADO: b0ba0aba
NO TERMINADO: b0ba0abb
NO TERMINADO: b0ba0b
NO TERMINADO: b0ba0b0
NO TERMINADO: b0ba0b00
b0ba0b00
NO TERMINADO: b0ba0b0a
b0ba0b0a
NO TERMINADO: b0ba0b0b
b0ba0b0b
NO TERMINADO: b0ba0ba
NO TERMINADO: b0ba0ba0
b0ba0ba0
NO TERMINADO: b0ba0baa
NO TERMINADO: b0ba0bab
NO TERMINADO: b0ba0bb
NO TERMINADO: b0ba0bb0
b0ba0bb0
NO TERMINADO: b0ba0bba
NO TERMINADO: b0ba0bbb
NO TERMINADO: b0baa
NO TERMINADO: b0bab
NO TERMINADO: b0bb
NO TERMINADO: b0bb0
NO TERMINADO: b0bb00
NO TERMINADO: b0bb000
NO TERMINADO: b0bb00a
NO TERMINADO: b0bb00a0
b0bb00a0
NO TERMINADO: b0bb00aa
b0bb00aa
NO TERMINADO: b0bb00ab
b0bb00ab
NO TERMINADO: b0bb00b
NO TERMINADO: b0bb00b0
b0bb00b0
NO TERMINADO: b0bb00ba
b0bb00ba
NO TERMINADO: b0bb00bb
b0bb00bb
NO TERMINADO: b0bb0a
NO TERMINADO: b0bb0a0
NO TERMINADO: b0bb0a00
b0bb0a00
NO TERMINADO: b0bb0a0a
b0bb0a0a
NO TERMINADO: b0bb0a0b
b0bb0a0b
NO TERMINADO: b0bb0aa
NO TERMINADO: b0bb0aa0
b0bb0aa0
NO TERMINADO: b0bb0aaa
NO TERMINADO: b0bb0aab
NO TERMINADO: b0bb0ab
NO TERMINADO: b0bb0ab0
b0bb0ab0
NO TERMINADO: b0bb0aba
NO TERMINADO: b0bb0abb
NO TERMINADO: b0bb0b
NO TERMINADO: b0bb0b0
NO TERMINADO: b0bb0b00
b0bb0b00
NO TERMINADO: b0bb0b0a
b0bb0b0a
NO TERMINADO: b0bb0b0b
b0bb0b0b
NO TERMINADO: b0bb0ba
NO TERMINADO: b0bb0ba0
b0bb0ba0
NO TERMINADO: b0bb0baa
NO TERMINADO: b0bb0bab
NO TERMINADO: b0bb0bb
NO TERMINADO: b0bb0bb0
b0bb0bb0
NO TERMINADO: b0bb0bba
NO TERMINADO: b0bb0bbb
NO TERMINADO: b0bba
NO TERMINADO: b0bbb
NO TERMINADO: ba
NO TERMINADO: ba0
NO TERMINADO: ba00
NO TERMINADO: ba000
NO TERMINADO: ba00a
NO TERMINADO: ba00a0
NO TERMINADO: ba00a00
NO TERMINADO: ba00a000
NO TERMINADO: ba00a00a
ba00a00a
NO TERMINADO: ba00a00b
ba00a00b
NO TERMINADO: ba00a0a
NO TERMINADO: ba00a0a0
ba00a0a0
NO TERMINADO: ba00a0aa
ba00a0aa
NO TERMINADO: ba00a0ab
ba00a0ab
NO TERMINADO: ba00a0b
NO TERMINADO: ba00a0b0
ba00a0b0
NO TERMINADO: ba00a0ba
ba00a0ba
NO TERMINADO: ba00a0bb
ba00a0bb
NO TERMINADO: ba00aa
NO TERMINADO: ba00aa0
NO TERMINADO: ba00aa00
ba00aa00
NO TERMINADO: ba00aa0a
ba00aa0a
NO TERMINADO: ba00aa0b
ba00aa0b
NO TERMINADO: ba00aaa
NO TERMINADO: ba00aab
NO TERMINADO: ba00ab
NO TERMINADO: ba00ab0
NO TERMINADO: ba00ab00
ba00ab00
NO TERMINADO: ba00ab0a
ba00ab0a
NO TERMINADO: ba00ab0b
ba00ab0b
NO TERMINADO: ba00aba
NO TERMINADO: ba00abb
NO TERMINADO: ba00b
NO TERMINADO: ba00b0
NO TERMINADO: ba00b00
NO TERMINADO: ba00b000
NO TERMINADO: ba00b00a
ba00b00a
NO TERMINADO: ba00b00b
ba00b00b
NO TERMINADO: ba00b0a
NO TERMINADO: ba00b0a0
ba00b0a0
NO TERMINADO: ba00b0aa
ba00b0aa
NO TERMINADO: ba00b0ab
ba00b0ab
NO TERMINADO: ba00b0b
NO TERMINADO: ba00b0b0
ba00b0b0
NO TERMINADO: ba00b0ba
ba00b0ba
NO TERMINADO: ba00b0bb
ba00b0bb
NO TERMINADO: ba00ba
NO TERMINADO: ba00ba0
NO TERMINADO: ba00ba00
ba00ba00
NO TERMINADO: ba00ba0a
ba00ba0a
NO TERMINADO: ba00ba0b
ba00ba0b
NO TERMINADO: ba00baa
NO TERMINADO: ba00bab
NO TERMINADO: ba00bb
NO TERMINADO: ba00bb0
NO TERMINADO: ba00bb00
ba00bb00
NO TERMINADO: ba00bb0a
ba00bb0a
NO TERMINADO: ba00bb0b
ba00bb0b
NO TERMINADO: ba00bba
NO TERMINADO: ba00bbb
NO TERMINADO: ba0a
NO TERMINADO: ba0a0
NO TERMINADO: ba0a00
NO TERMINADO: ba0a000
NO TERMINADO: ba0a00a
NO TERMINADO: ba0a00a0
ba0a00a0
NO TERMINADO: ba0a00aa
ba0a00aa
NO TERMINADO: ba0a00ab
ba0a00ab
NO TERMINADO: ba0a00b
NO TERMINADO: ba0a00b0
ba0a00b0
NO TERMINADO: ba0a00ba
ba0a00ba
NO TERMINADO: ba0a00bb
ba0a00bb
NO TERMINADO: ba0a0a
NO TERMINADO: ba0a0a0
NO TERMINADO: ba0a0a00
ba0a0a00
NO TERMINADO: ba0a0a0a
ba0a0a0a
NO TERMINADO: ba0a0a0b
ba0a0a0b
NO TERMINADO: ba0a0aa
NO TERMINADO: ba0a0aa0
ba0a0aa0
NO TERMINADO: ba0a0aaa
NO TERMINADO: ba0a0aab
NO TERMINADO: ba0a0ab
NO TERMINADO: ba0a0ab0
ba0a0ab0
NO TERMINADO: ba0a0aba
NO TERMINADO: ba0a0abb
NO TERMINADO: ba0a0b
NO TERMINADO: ba0a0b0
NO TERMINADO: ba0a0b00
ba0a0b00
NO TERMINADO: ba0a0b0a
ba0a0b0a
NO TERMINADO: ba0a0b0b
ba0a0b0b
NO TERMINADO: ba0a0ba
NO TERMINADO: ba0a0ba0
ba0a0ba0
NO TERMINADO: ba0a0baa
NO TERMINADO: ba0a0bab
NO TERMINADO: ba0a0bb
NO TERMINADO: ba0a0bb0
ba0a0bb0
NO TERMINADO: ba0a0bba
NO TERMINADO: ba0a0bbb
NO TERMINADO: ba0aa
NO TERMINADO: ba0aa0
NO TERMINADO: ba0aa00
NO TERMINADO: ba0aa000
NO TERMINADO: ba0aa00a
ba0aa00a
NO TERMINADO: ba0aa00b
ba0aa00b
NO TERMINADO: ba0aa0a
NO TERMINADO: ba0aa0a0
ba0aa0a0
NO TERMINADO: ba0aa0aa
ba0aa0aa
NO TERMINADO: ba0aa0ab
ba0aa0ab
NO TERMINADO: ba0aa0b
NO TERMINADO: ba0aa0b0
ba0aa0b0
NO TERMINADO: ba0aa0ba
ba0aa0ba
NO TERMINADO: ba0aa0bb
ba0aa0bb
NO TERMINADO: ba0aaa
NO TERMINADO: ba0aab
NO TERMINADO: ba0ab
NO TERMINADO: ba0ab0
NO TERMINADO: ba0ab00
NO TERMINADO: ba0ab000
NO TERMINADO: ba0ab00a
ba0ab00a
NO TERMINADO: ba0ab00b
ba0ab00b
NO TERMINADO: ba0ab0a
NO TERMINADO: ba0ab0a0
ba0ab0a0
NO TERMINADO: ba0ab0aa
ba0ab0aa
NO TERMINADO: ba0ab0ab
ba0ab0ab
NO TERMINADO: ba0ab0b
NO TERMINADO: ba0ab0b0
ba0ab0b0
NO TERMINADO: ba0ab0ba
ba0ab0ba
NO TERMINADO: ba0ab0bb
ba0ab0bb
NO TERMINADO: ba0aba
NO TERMINADO: ba0abb
NO TERMINADO: ba0b
NO TERMINADO: ba0b0
NO TERMINADO: ba0b00
NO TERMINADO: ba0b000
NO TERMINADO: ba0b00a
NO TERMINADO: ba0b00a0
ba0b00a0
NO TERMINADO: ba0b00aa
ba0b00aa
NO TERMINADO: ba0b00ab
ba0b00ab
NO TERMINADO: ba0b00b
NO TERMINADO: ba0b00b0
ba0b00b0
NO TERMINADO: ba0b00ba
ba0b00ba
NO TERMINADO: ba0b00bb
ba0b00bb
NO TERMINADO: ba0b0a
NO TERMINADO: ba0b0a0
NO TERMINADO: ba0b0a00
ba0b0a00
NO TERMINADO: ba0b0a0a
ba0b0a0a
NO TERMINADO: ba0b0a0b
ba0b0a0b
NO TERMINADO: ba0b0aa
NO TERMINADO: ba0b0aa0
ba0b0aa0
NO TERMINADO: ba0b0aaa
NO TERMINADO: ba0b0aab
NO TERMINADO: ba0b0ab
NO TERMINADO: ba0b0ab0
ba0b0ab0
NO TERMINADO: ba0b0aba
NO TERMINADO: ba0b0abb
NO TERMINADO: ba0b0b
NO TERMINADO: ba0b0b0
NO TERMINADO: ba0b0b00
ba0b0b00
NO TERMINADO: ba0b0b0a
ba0b0b0a
NO TERMINADO: ba0b0b0b
ba0b0b0b
NO TERMINADO: ba0b0ba
NO TERMINADO: ba0b0ba0
ba0b0ba0
NO TERMINADO: ba0b0baa
NO TERMINADO: ba0b0bab
NO TERMINADO: ba0b0bb
NO TERMINADO: ba0b0bb0
ba0b0bb0
NO TERMINADO: ba0b0bba
NO TERMINADO: ba0b0bbb
NO TERMINADO: ba0ba
NO TERMINADO: ba0ba0
NO TERMINADO: ba0ba00
NO TERMINADO: ba0ba000
NO TERMINADO: ba0ba00a
ba0ba00a
NO TERMINADO: ba0ba00b
ba0ba00b
NO TERMINADO: ba0ba0a
NO TERMINADO: ba0ba0a0
ba0ba0a0
NO TERMINADO: ba0ba0aa
ba0ba0aa
NO TERMINADO: ba0ba0ab
ba0ba0ab
NO TERMINADO: ba0ba0b
NO TERMINADO: ba0ba0b0
ba0ba0b0
NO TERMINADO: ba0ba0ba
ba0ba0ba
NO TERMINADO: ba0ba0bb
ba0ba0bb
NO TERMINADO: ba0baa
NO TERMINADO: ba0bab
NO TERMINADO: ba0bb
NO TERMINADO: ba0bb0
NO TERMINADO: ba0bb00
NO TERMINADO: ba0bb000
NO TERMINADO: ba0bb00a
ba0bb00a
NO TERMINADO: ba0bb00b
ba0bb00b
NO TERMINADO: ba0bb0a
NO TERMINADO: ba0bb0a0
ba0bb0a0
NO TERMINADO: ba0bb0aa
ba0bb0aa
NO TERMINADO: ba0bb0ab
ba0bb0ab
NO TERMINADO: ba0bb0b
NO TERMINADO: ba0bb0b0
ba0bb0b0
NO TERMINADO: ba0bb0ba
ba0bb0ba
NO TERMINADO: ba0bb0bb
ba0bb0bb
NO TERMINADO: ba0bba
NO TERMINADO: ba0bbb
NO TERMINADO: baa
NO TERMINADO: bab
NO TERMINADO: bb
NO TERMINADO: bb0
NO TERMINADO: bb00
NO TERMINADO: bb000
NO TERMINADO: bb00a
NO TERMINADO: bb00a0
NO TERMINADO: bb00a00
NO TERMINADO: bb00a000
NO TERMINADO: bb00a00a
bb00a00a
NO TERMINADO: bb00a00b
bb00a00b
NO TERMINADO: bb00a0a
NO TERMINADO: bb00a0a0
bb00a0a0
NO TERMINADO: bb00a0aa
bb00a0aa
NO TERMINADO: bb00a0ab
bb00a0ab
NO TERMINADO: bb00a0b
NO TERMINADO: bb00a0b0
bb00a0b0
NO TERMINADO: bb00a0ba
bb00a0ba
NO TERMINADO: bb00a0bb
bb00a0bb
NO TERMINADO: bb00aa
NO TERMINADO: bb00aa0
NO TERMINADO: bb00aa00
bb00aa00
NO TERMINADO: bb00aa0a
bb00aa0a
NO TERMINADO: bb00aa0b
bb00aa0b
NO TERMINADO: bb00aaa
NO TERMINADO: bb00aab
NO TERMINADO: bb00ab
NO TERMINADO: bb00ab0
NO TERMINADO: bb00ab00
bb00ab00
NO TERMINADO: bb00ab0a
bb00ab0a
NO TERMINADO: bb00ab0b
bb00ab0b
NO TERMINADO: bb00aba
NO TERMINADO: bb00abb
NO TERMINADO: bb00b
NO TERMINADO: bb00b0
NO TERMINADO: bb00b00
NO TERMINADO: bb00b000
NO TERMINADO: bb00b00a
bb00b00a
NO TERMINADO: bb00b00b
bb00b00b
NO TERMINADO: bb00b0a
NO TERMINADO: bb00b0a0
bb00b0a0
NO TERMINADO: bb00b0aa
bb00b0aa
NO TERMINADO: bb00b0ab
bb00b0ab
NO TERMINADO: bb00b0b
NO TERMINADO: bb00b0b0
bb00b0b0
NO TERMINADO: bb00b0ba
bb00b0ba
NO TERMINADO: bb00b0bb
bb00b0bb
NO TERMINADO: bb00ba
NO TERMINADO: bb00ba0
NO TERMINADO: bb00ba00
bb00ba00
NO TERMINADO: bb00ba0a
bb00ba0a
NO TERMINADO: bb00ba0b
bb00ba0b
NO TERMINADO: bb00baa
NO TERMINADO: bb00bab
NO TERMINADO: bb00bb
NO TERMINADO: bb00bb0
NO TERMINADO: bb00bb00
bb00bb00
NO TERMINADO: bb00bb0a
bb00bb0a
NO TERMINADO: bb00bb0b
bb00bb0b
NO TERMINADO: bb00bba
NO TERMINADO: bb00bbb
NO TERMINADO: bb0a
NO TERMINADO: bb0a0
NO TERMINADO: bb0a00
NO TERMINADO: bb0a000
NO TERMINADO: bb0a00a
NO TERMINADO: bb0a00a0
bb0a00a0
NO TERMINADO: bb0a00aa
bb0a00aa
NO TERMINADO: bb0a00ab
bb0a00ab
NO TERMINADO: bb0a00b
NO TERMINADO: bb0a00b0
bb0a00b0
NO TERMINADO: bb0a00ba
bb0a00ba
NO TERMINADO: bb0a00bb
bb0a00bb
NO TERMINADO: bb0a0a
NO TERMINADO: bb0a0a0
NO TERMINADO: bb0a0a00
bb0a0a00
NO TERMINADO: bb0a0a0a
bb0a0a0a
NO TERMINADO: bb0a0a0b
bb0a0a0b
NO TERMINADO: bb0a0aa
NO TERMINADO: bb0a0aa0
bb0a0aa0
NO TERMINADO: bb0a0aaa
NO TERMINADO: bb0a0aab
NO TERMINADO: bb0a0ab
NO TERMINADO: bb0a0ab0
bb0a0ab0
NO TERMINADO: bb0a0aba
NO TERMINADO: bb0a0abb
NO TERMINADO: bb0a0b
NO TERMINADO: bb0a0b0
NO TERMINADO: bb0a0b00
bb0a0b00
NO TERMINADO: bb0a0b0a
bb0a0b0a
NO TERMINADO: bb0a0b0b
bb0a0b0b
NO TERMINADO: bb0a0ba
NO TERMINADO: bb0a0ba0
bb0a0ba0
NO TERMINADO: bb0a0baa
NO TERMINADO: bb0a0bab
NO TERMINADO: bb0a0bb
NO TERMINADO: bb0a0bb0
bb0a0bb0
NO TERMINADO: bb0a0bba
NO TERMINADO: bb0a0bbb
NO TERMINADO: bb0aa
NO TERMINADO: bb0aa0
NO TERMINADO: bb0aa00
NO TERMINADO: bb0aa000
NO TERMINADO: bb0aa00a
bb0aa00a
NO TERMINADO: bb0aa00b
bb0aa00b
NO TERMINADO: bb0aa0a
NO TERMINADO: bb0aa0a0
bb0aa0a0
NO TERMINADO: bb0aa0aa
bb0aa0aa
NO TERMINADO: bb0aa0ab
bb0aa0ab
NO TERMINADO: bb0aa0b
NO TERMINADO: bb0aa0b0
bb0aa0b0
NO TERMINADO: bb0aa0ba
bb0aa0ba
NO TERMINADO: bb0aa0bb
bb0aa0bb
NO TERMINADO: bb0aaa
NO TERMINADO: bb0aab
NO TERMINADO: bb0ab
NO TERMINADO: bb0ab0
NO TERMINADO: bb0ab00
NO TERMINADO: bb0ab000
NO TERMINADO: bb0ab00a
bb0ab00a
NO TERMINADO: bb0ab00b
bb0ab00b
NO TERMINADO: bb0ab0a
NO TERMINADO: bb0ab0a0
bb0ab0a0
NO TERMINADO: bb0ab0aa
bb0ab0aa
NO TERMINADO: bb0ab0ab
bb0ab0ab
NO TERMINADO: bb0ab0b
NO TERMINADO: bb0ab0b0
bb0ab0b0
NO TERMINADO: bb0ab0ba
bb0ab0ba
NO TERMINADO: bb0ab0bb
bb0ab0bb
NO TERMINADO: bb0aba
NO TERMINADO: bb0abb
NO TERMINADO: bb0b
NO TERMINADO: bb0b0
NO TERMINADO: bb0b00
NO TERMINADO: bb0b000
NO TERMINADO: bb0b00a
NO TERMINADO: bb0b00a0
bb0b00a0
NO TERMINADO: bb0b00aa
bb0b00aa
NO TERMINADO: bb0b00ab
bb0b00ab
NO TERMINADO: bb0b00b
NO TERMINADO: bb0b00b0
bb0b00b0
NO TERMINADO: bb0b00ba
bb0b00ba
NO TERMINADO: bb0b00bb
bb0b00bb
NO TERMINADO: bb0b0a
NO TERMINADO: bb0b0a0
NO TERMINADO: bb0b0a00
bb0b0a00
NO TERMINADO: bb0b0a0a
bb0b0a0a
NO TERMINADO: bb0b0a0b
bb0b0a0b
NO TERMINADO: bb0b0aa
NO TERMINADO: bb0b0aa0
bb0b0aa0
NO TERMINADO: bb0b0aaa
NO TERMINADO: bb0b0aab
NO TERMINADO: bb0b0ab
NO TERMINADO: bb0b0ab0
bb0b0ab0
NO TERMINADO: bb0b0aba
NO TERMINADO: bb0b0abb
NO TERMINADO: bb0b0b
NO TERMINADO: bb0b0b0
NO TERMINADO: bb0b0b00
bb0b0b00
NO TERMINADO: bb0b0b0a
bb0b0b0a
NO TERMINADO: bb0b0b0b
bb0b0b0b
NO TERMINADO: bb0b0ba
NO TERMINADO: bb0b0ba0
bb0b0ba0
NO TERMINADO: bb0b0baa
NO TERMINADO: bb0b0bab
NO TERMINADO: bb0b0bb
NO TERMINADO: bb0b0bb0
bb0b0bb0
NO TERMINADO: bb0b0bba
NO TERMINADO: bb0b0bbb
NO TERMINADO: bb0ba
NO TERMINADO: bb0ba0
NO TERMINADO: bb0ba00
NO TERMINADO: bb0ba000
NO TERMINADO: bb0ba00a
bb0ba00a
NO TERMINADO: bb0ba00b
bb0ba00b
NO TERMINADO: bb0ba0a
NO TERMINADO: bb0ba0a0
bb0ba0a0
NO TERMINADO: bb0ba0aa
bb0ba0aa
NO TERMINADO: bb0ba0ab
bb0ba0ab
NO TERMINADO: bb0ba0b
NO TERMINADO: bb0ba0b0
bb0ba0b0
NO TERMINADO: bb0ba0ba
bb0ba0ba
NO TERMINADO: bb0ba0bb
bb0ba0bb
NO TERMINADO: bb0baa
NO TERMINADO: bb0bab
NO TERMINADO: bb0bb
NO TERMINADO: bb0bb0
NO TERMINADO: bb0bb00
NO TERMINADO: bb0bb000
NO TERMINADO: bb0bb00a
bb0bb00a
NO TERMINADO: bb0bb00b
bb0bb00b
NO TERMINADO: bb0bb0a
NO TERMINADO: bb0bb0a0
bb0bb0a0
NO TERMINADO: bb0bb0aa
bb0bb0aa
NO TERMINADO: bb0bb0ab
bb0bb0ab
NO TERMINADO: bb0bb0b
NO TERMINADO: bb0bb0b0
bb0bb0b0
NO TERMINADO: bb0bb0ba
bb0bb0ba
NO TERMINADO: bb0bb0bb
bb0bb0bb
NO TERMINADO: bb0bba
NO TERMINADO: bb0bbb
NO TERMINADO: bba
NO TERMINADO: bbb
